Performing C SOURCE FILE Test CMAKE_HAVE_LIBC_PTHREAD failed with the following output:
Change Dir: /home/maven/robot_arm_ws/build/CMakeFiles/CMakeTmp

Run Build Command(s):/usr/bin/make cmTC_f3b6a/fast && /usr/bin/make -f CMakeFiles/cmTC_f3b6a.dir/build.make CMakeFiles/cmTC_f3b6a.dir/build
make[1]: Entering directory '/home/maven/robot_arm_ws/build/CMakeFiles/CMakeTmp'
Building C object CMakeFiles/cmTC_f3b6a.dir/src.c.o
/usr/bin/cc   -DCMAKE_HAVE_LIBC_PTHREAD   -o CMakeFiles/cmTC_f3b6a.dir/src.c.o   -c /home/maven/robot_arm_ws/build/CMakeFiles/CMakeTmp/src.c
Linking C executable cmTC_f3b6a
/usr/bin/cmake -E cmake_link_script CMakeFiles/cmTC_f3b6a.dir/link.txt --verbose=1
/usr/bin/cc  -DCMAKE_HAVE_LIBC_PTHREAD    -rdynamic CMakeFiles/cmTC_f3b6a.dir/src.c.o  -o cmTC_f3b6a 
/usr/bin/ld: CMakeFiles/cmTC_f3b6a.dir/src.c.o: in function `main':
src.c:(.text+0x46): undefined reference to `pthread_create'
/usr/bin/ld: src.c:(.text+0x52): undefined reference to `pthread_detach'
/usr/bin/ld: src.c:(.text+0x63): undefined reference to `pthread_join'
collect2: error: ld returned 1 exit status
make[1]: *** [CMakeFiles/cmTC_f3b6a.dir/build.make:87: cmTC_f3b6a] Error 1
make[1]: Leaving directory '/home/maven/robot_arm_ws/build/CMakeFiles/CMakeTmp'
make: *** [Makefile:121: cmTC_f3b6a/fast] Error 2


Source file was:
#include <pthread.h>

void* test_func(void* data)
{
  return data;
}

int main(void)
{
  pthread_t thread;
  pthread_create(&thread, NULL, test_func, NULL);
  pthread_detach(thread);
  pthread_join(thread, NULL);
  pthread_atfork(NULL, NULL, NULL);
  pthread_exit(NULL);

  return 0;
}

Determining if the function pthread_create exists in the pthreads failed with the following output:
Change Dir: /home/maven/robot_arm_ws/build/CMakeFiles/CMakeTmp

Run Build Command(s):/usr/bin/make cmTC_117f6/fast && /usr/bin/make -f CMakeFiles/cmTC_117f6.dir/build.make CMakeFiles/cmTC_117f6.dir/build
make[1]: Entering directory '/home/maven/robot_arm_ws/build/CMakeFiles/CMakeTmp'
Building C object CMakeFiles/cmTC_117f6.dir/CheckFunctionExists.c.o
/usr/bin/cc   -DCHECK_FUNCTION_EXISTS=pthread_create   -o CMakeFiles/cmTC_117f6.dir/CheckFunctionExists.c.o   -c /usr/share/cmake-3.16/Modules/CheckFunctionExists.c
Linking C executable cmTC_117f6
/usr/bin/cmake -E cmake_link_script CMakeFiles/cmTC_117f6.dir/link.txt --verbose=1
/usr/bin/cc  -DCHECK_FUNCTION_EXISTS=pthread_create    -rdynamic CMakeFiles/cmTC_117f6.dir/CheckFunctionExists.c.o  -o cmTC_117f6  -lpthreads 
/usr/bin/ld: cannot find -lpthreads
collect2: error: ld returned 1 exit status
make[1]: *** [CMakeFiles/cmTC_117f6.dir/build.make:87: cmTC_117f6] Error 1
make[1]: Leaving directory '/home/maven/robot_arm_ws/build/CMakeFiles/CMakeTmp'
make: *** [Makefile:121: cmTC_117f6/fast] Error 2



Determining if the moveit::core::MoveItErrorCode::toString exist failed with the following output:
Change Dir: /home/maven/robot_arm_ws/build/CMakeFiles/CMakeTmp

Run Build Command(s):/usr/bin/make cmTC_642a2/fast && /usr/bin/make -f CMakeFiles/cmTC_642a2.dir/build.make CMakeFiles/cmTC_642a2.dir/build
make[1]: Entering directory '/home/maven/robot_arm_ws/build/CMakeFiles/CMakeTmp'
Building CXX object CMakeFiles/cmTC_642a2.dir/CheckSymbolExists.cxx.o
/usr/bin/c++   -I/home/maven/robot_arm_ws/devel/include -I/home/maven/robot_arm_ws/src/moveit_task_constructor/core/include -I/home/maven/robot_arm_ws/src/moveit_task_constructor/rviz_marker_tools/include -I/opt/ros/noetic/include -I/opt/ros/noetic/share/xmlrpcpp/cmake/../../../include/xmlrpcpp -I/usr/include/eigen3 -I/usr/include/bullet -I/usr/include/OGRE/Overlay -I/usr/include/OGRE  -Wno-error   -o CMakeFiles/cmTC_642a2.dir/CheckSymbolExists.cxx.o -c /home/maven/robot_arm_ws/build/CMakeFiles/CMakeTmp/CheckSymbolExists.cxx
Linking CXX executable cmTC_642a2
/usr/bin/cmake -E cmake_link_script CMakeFiles/cmTC_642a2.dir/link.txt --verbose=1
/usr/bin/c++   -Wno-error    -rdynamic CMakeFiles/cmTC_642a2.dir/CheckSymbolExists.cxx.o  -o cmTC_642a2  -Wl,-rpath,/opt/ros/noetic/lib:/opt/ros/noetic/lib/x86_64-linux-gnu /opt/ros/noetic/lib/libmoveit_move_group_capabilities_base.so /opt/ros/noetic/lib/libmoveit_rdf_loader.so /opt/ros/noetic/lib/libmoveit_kinematics_plugin_loader.so /opt/ros/noetic/lib/libmoveit_robot_model_loader.so /opt/ros/noetic/lib/libmoveit_constraint_sampler_manager_loader.so /opt/ros/noetic/lib/libmoveit_planning_pipeline.so /opt/ros/noetic/lib/libmoveit_trajectory_execution_manager.so /opt/ros/noetic/lib/libmoveit_plan_execution.so /opt/ros/noetic/lib/libmoveit_planning_scene_monitor.so /opt/ros/noetic/lib/libmoveit_collision_plugin_loader.so /opt/ros/noetic/lib/libmoveit_cpp.so /opt/ros/noetic/lib/libdynamic_reconfigure_config_init_mutex.so /opt/ros/noetic/lib/libmoveit_ros_occupancy_map_monitor.so -lmoveit_task_constructor_core -lmoveit_task_constructor_core_stages -lmoveit_task_constructor_core_stage_plugins /opt/ros/noetic/lib/libmoveit_exceptions.so /opt/ros/noetic/lib/libmoveit_background_processing.so /opt/ros/noetic/lib/libmoveit_kinematics_base.so /opt/ros/noetic/lib/libmoveit_robot_model.so /opt/ros/noetic/lib/libmoveit_transforms.so /opt/ros/noetic/lib/libmoveit_robot_state.so /opt/ros/noetic/lib/libmoveit_robot_trajectory.so /opt/ros/noetic/lib/libmoveit_planning_interface.so /opt/ros/noetic/lib/libmoveit_collision_detection.so /opt/ros/noetic/lib/libmoveit_collision_detection_fcl.so /opt/ros/noetic/lib/libmoveit_collision_detection_bullet.so /opt/ros/noetic/lib/libmoveit_kinematic_constraints.so /opt/ros/noetic/lib/libmoveit_planning_scene.so /opt/ros/noetic/lib/libmoveit_constraint_samplers.so /opt/ros/noetic/lib/libmoveit_planning_request_adapter.so /opt/ros/noetic/lib/libmoveit_profiler.so /opt/ros/noetic/lib/libmoveit_python_tools.so /opt/ros/noetic/lib/libmoveit_trajectory_processing.so /opt/ros/noetic/lib/libmoveit_distance_field.so /opt/ros/noetic/lib/libmoveit_collision_distance_field.so /opt/ros/noetic/lib/libmoveit_kinematics_metrics.so /opt/ros/noetic/lib/libmoveit_dynamics_solver.so /opt/ros/noetic/lib/libmoveit_utils.so /opt/ros/noetic/lib/libmoveit_test_utils.so /usr/lib/x86_64-linux-gnu/libboost_iostreams.so.1.71.0 /opt/ros/noetic/lib/x86_64-linux-gnu/libfcl.so.0.6.1 /usr/lib/x86_64-linux-gnu/libccd.so -lm /opt/ros/noetic/lib/liboctomap.so.1.9.8 /opt/ros/noetic/lib/x86_64-linux-gnu/libruckig.so /usr/lib/x86_64-linux-gnu/libBulletSoftBody.so /usr/lib/x86_64-linux-gnu/libBulletDynamics.so /usr/lib/x86_64-linux-gnu/libBulletCollision.so /usr/lib/x86_64-linux-gnu/libLinearMath.so /opt/ros/noetic/lib/libgeometric_shapes.so /opt/ros/noetic/lib/liboctomap.so /opt/ros/noetic/lib/liboctomath.so /opt/ros/noetic/lib/libkdl_parser.so /opt/ros/noetic/lib/librandom_numbers.so /opt/ros/noetic/lib/libsrdfdom.so /usr/lib/liborocos-kdl.so /usr/lib/liborocos-kdl.so -lrviz_marker_tools /opt/ros/noetic/lib/librviz.so /usr/lib/x86_64-linux-gnu/libOgreOverlay.so /usr/lib/x86_64-linux-gnu/libOgreMain.so /usr/lib/x86_64-linux-gnu/libOpenGL.so /usr/lib/x86_64-linux-gnu/libGLX.so /usr/lib/x86_64-linux-gnu/libGLU.so /opt/ros/noetic/lib/libimage_transport.so /opt/ros/noetic/lib/libinteractive_markers.so /opt/ros/noetic/lib/liblaser_geometry.so /opt/ros/noetic/lib/libtf.so /opt/ros/noetic/lib/libresource_retriever.so /opt/ros/noetic/lib/libtf2_ros.so /opt/ros/noetic/lib/libactionlib.so /opt/ros/noetic/lib/libmessage_filters.so /opt/ros/noetic/lib/libtf2.so /opt/ros/noetic/lib/liburdf.so /usr/lib/x86_64-linux-gnu/liburdfdom_sensor.so /usr/lib/x86_64-linux-gnu/liburdfdom_model_state.so /usr/lib/x86_64-linux-gnu/liburdfdom_model.so /usr/lib/x86_64-linux-gnu/liburdfdom_world.so /usr/lib/x86_64-linux-gnu/libtinyxml.so /opt/ros/noetic/lib/librosconsole_bridge.so /opt/ros/noetic/lib/libroscpp.so /usr/lib/x86_64-linux-gnu/libpthread.so /usr/lib/x86_64-linux-gnu/libboost_chrono.so.1.71.0 /opt/ros/noetic/lib/libxmlrpcpp.so /opt/ros/noetic/lib/libclass_loader.so /usr/lib/x86_64-linux-gnu/libPocoFoundation.so /usr/lib/x86_64-linux-gnu/libdl.so /opt/ros/noetic/lib/librosconsole.so /opt/ros/noetic/lib/librosconsole_log4cxx.so /opt/ros/noetic/lib/librosconsole_backend_interface.so /usr/lib/x86_64-linux-gnu/liblog4cxx.so /usr/lib/x86_64-linux-gnu/libboost_regex.so.1.71.0 /opt/ros/noetic/lib/libroslib.so /opt/ros/noetic/lib/librospack.so /usr/lib/x86_64-linux-gnu/libpython3.8.so /usr/lib/x86_64-linux-gnu/libboost_filesystem.so.1.71.0 /usr/lib/x86_64-linux-gnu/libboost_program_options.so.1.71.0 /usr/lib/x86_64-linux-gnu/libtinyxml2.so /opt/ros/noetic/lib/libroscpp_serialization.so /opt/ros/noetic/lib/librostime.so /usr/lib/x86_64-linux-gnu/libboost_date_time.so.1.71.0 /opt/ros/noetic/lib/libcpp_common.so /usr/lib/x86_64-linux-gnu/libboost_system.so.1.71.0 /usr/lib/x86_64-linux-gnu/libboost_thread.so.1.71.0 /usr/lib/x86_64-linux-gnu/libconsole_bridge.so.0.4 
/usr/bin/ld: cannot find -lmoveit_task_constructor_core
/usr/bin/ld: cannot find -lmoveit_task_constructor_core_stages
/usr/bin/ld: cannot find -lmoveit_task_constructor_core_stage_plugins
/usr/bin/ld: cannot find -lrviz_marker_tools
collect2: error: ld returned 1 exit status
make[1]: *** [CMakeFiles/cmTC_642a2.dir/build.make:189: cmTC_642a2] Error 1
make[1]: Leaving directory '/home/maven/robot_arm_ws/build/CMakeFiles/CMakeTmp'
make: *** [Makefile:121: cmTC_642a2/fast] Error 2


File /home/maven/robot_arm_ws/build/CMakeFiles/CMakeTmp/CheckSymbolExists.cxx:
/* */
#include <moveit/utils/moveit_error_code.h>

int main(int argc, char** argv)
{
  (void)argv;
  return ((int*)(&moveit::core::MoveItErrorCode::toString))[argc];
}
